<?xml version="1.0" encoding="UTF-8"?>
<testsuite name="com.example.demo.MathServiceTest" tests="5" skipped="0" failures="0" errors="0" timestamp="2025-04-03T19:30:33.261Z" hostname="ABD_ELHAMID" time="0.914">
  <properties/>
  <testcase name="testMultiplication()" classname="com.example.demo.MathServiceTest" time="0.898"/>
  <testcase name="testAddition()" classname="com.example.demo.MathServiceTest" time="0.002"/>
  <testcase name="testDivisionByZero()" classname="com.example.demo.MathServiceTest" time="0.005"/>
  <testcase name="testDivision()" classname="com.example.demo.MathServiceTest" time="0.002"/>
  <testcase name="testSubtraction()" classname="com.example.demo.MathServiceTest" time="0.001"/>
  <system-out><![CDATA[21:30:31.034 [Test worker] INFO org.springframework.test.context.support.AnnotationConfigContextLoaderUtils -- Could not detect default configuration classes for test class [com.example.demo.MathServiceTest]: MathServiceTest does not declare any static, non-private, non-final, nested classes annotated with @Configuration.
21:30:31.144 [Test worker] INFO org.springframework.boot.test.context.SpringBootTestContextBootstrapper -- Found @SpringBootConfiguration com.example.demo.DemoApplication for test class com.example.demo.MathServiceTest

  .   ____          _            __ _ _
 /\\ / ___'_ __ _ _(_)_ __  __ _ \ \ \ \
( ( )\___ | '_ | '_| | '_ \/ _` | \ \ \ \
 \\/  ___)| |_)| | | | | || (_| |  ) ) ) )
  '  |____| .__|_| |_|_| |_\__, | / / / /
 =========|_|==============|___/=/_/_/_/
 :: Spring Boot ::                (v3.1.0)

2025-04-03T21:30:31.686+02:00  INFO 21676 --- [    Test worker] com.example.demo.MathServiceTest         : Starting MathServiceTest using Java 21.0.6 with PID 21676 (started by ahmed in D:\End\Labs\Ivolve-Project\CloudDevOpsProject\FinalProjectCode\web-app)
2025-04-03T21:30:31.686+02:00  INFO 21676 --- [    Test worker] com.example.demo.MathServiceTest         : No active profile set, falling back to 1 default profile: "default"
2025-04-03T21:30:32.986+02:00  INFO 21676 --- [    Test worker] o.s.b.a.w.s.WelcomePageHandlerMapping    : Adding welcome page template: index
2025-04-03T21:30:33.225+02:00  INFO 21676 --- [    Test worker] com.example.demo.MathServiceTest         : Started MathServiceTest in 1.88 seconds (process running for 3.303)
]]></system-out>
  <system-err><![CDATA[WARNING: A Java agent has been loaded dynamically (C:\Users\ahmed\.gradle\caches\modules-2\files-2.1\net.bytebuddy\byte-buddy-agent\1.14.4\3bf5ac1104554908cc623e40e58a00be37c35f36\byte-buddy-agent-1.14.4.jar)
WARNING: If a serviceability tool is in use, please run with -XX:+EnableDynamicAgentLoading to hide this warning
WARNING: If a serviceability tool is not in use, please run with -Djdk.instrument.traceUsage for more information
WARNING: Dynamic loading of agents will be disallowed by default in a future release
]]></system-err>
</testsuite>
